SE_experiment/app/build/intermediates/manifest_merge_blame_file/debug/manifest-merger-blame-debug-report.txt
1<?xml version="1.0" encoding="utf-8"?>
2<!--
3 Copyright (c) 2010-2011, The MiCode Open Source Community (www.micode.net)
4
5     Licensed under the Apache License, Version 2.0 (the "License");
6     you may not use this file except in compliance with the License.
7     You may obtain a copy of the License at
8
9          http://www.apache.org/licenses/LICENSE-2.0
10
11     Unless required by applicable law or agreed to in writing, software
12     distributed under the License is distributed on an "AS IS" BASIS,
13     WITHOUT WARRANTIES OR CONDITIONS OF ANY KIND, either express or implied.
14     See the License for the specific language governing permissions and
15     limitations under the License.
16-->
17<manifest xmlns:android="http://schemas.android.com/apk/res/android"
18    package="net.micode.notes"
19    android:versionCode="1"
20    android:versionName="0.1" >
21
22    <uses-sdk
22-->src\main\AndroidManifest.xml:24:5-44
23        android:minSdkVersion="14"
23-->src\main\AndroidManifest.xml:24:15-41
24        android:targetSdkVersion="29" />
25
26    <uses-permission android:name="android.permission.WRITE_EXTERNAL_STORAGE" />
26-->src\main\AndroidManifest.xml:27:5-81
26-->src\main\AndroidManifest.xml:27:22-78
27    <uses-permission android:name="com.android.launcher.permission.INSTALL_SHORTCUT" />
27-->src\main\AndroidManifest.xml:28:5-88
27-->src\main\AndroidManifest.xml:28:22-85
28    <!-- 连接网络权限，用于执行云端语音能力 -->
29    <uses-permission android:name="android.permission.INTERNET" />
29-->src\main\AndroidManifest.xml:30:5-67
29-->src\main\AndroidManifest.xml:30:22-64
30    <uses-permission android:name="android.permission.READ_CONTACTS" />
30-->src\main\AndroidManifest.xml:31:5-72
30-->src\main\AndroidManifest.xml:31:22-69
31    <uses-permission android:name="android.permission.MANAGE_ACCOUNTS" />
31-->src\main\AndroidManifest.xml:32:5-74
31-->src\main\AndroidManifest.xml:32:22-71
32    <uses-permission android:name="android.permission.AUTHENTICATE_ACCOUNTS" />
32-->src\main\AndroidManifest.xml:33:5-80
32-->src\main\AndroidManifest.xml:33:22-77
33    <uses-permission android:name="android.permission.GET_ACCOUNTS" />
33-->src\main\AndroidManifest.xml:34:5-71
33-->src\main\AndroidManifest.xml:34:22-68
34    <uses-permission android:name="android.permission.USE_CREDENTIALS" />
34-->src\main\AndroidManifest.xml:35:5-74
34-->src\main\AndroidManifest.xml:35:22-71
35    <uses-permission android:name="android.permission.RECEIVE_BOOT_COMPLETED" />
35-->src\main\AndroidManifest.xml:36:5-81
35-->src\main\AndroidManifest.xml:36:22-78
36    <!-- 获取手机录音机使用权限，听写、识别、语义理解需要用到此权限 -->
37    <uses-permission android:name="android.permission.RECORD_AUDIO" />
37-->src\main\AndroidManifest.xml:38:5-71
37-->src\main\AndroidManifest.xml:38:22-68
38    <!-- 读取网络信息状态 -->
39    <uses-permission android:name="android.permission.ACCESS_NETWORK_STATE" />
39-->src\main\AndroidManifest.xml:40:5-79
39-->src\main\AndroidManifest.xml:40:22-76
40    <!-- 获取当前wifi状态 -->
41    <uses-permission android:name="android.permission.ACCESS_WIFI_STATE" />
41-->src\main\AndroidManifest.xml:42:5-76
41-->src\main\AndroidManifest.xml:42:22-73
42    <!-- 允许程序改变网络连接状态 -->
43    <uses-permission android:name="android.permission.CHANGE_NETWORK_STATE" />
43-->src\main\AndroidManifest.xml:44:5-78
43-->src\main\AndroidManifest.xml:44:22-76
44    <!-- 读取手机信息权限 -->
45    <uses-permission android:name="android.permission.READ_PHONE_STATE" />
45-->src\main\AndroidManifest.xml:46:5-74
45-->src\main\AndroidManifest.xml:46:22-72
46    <!-- 读取联系人权限，上传联系人需要用到此权限 -->
47    <uses-permission android:name="android.permission.READ_CONTACTS" />
47-->src\main\AndroidManifest.xml:31:5-72
47-->src\main\AndroidManifest.xml:31:22-69
48    <!-- 外存储写权限，构建语法需要用到此权限 -->
49    <uses-permission android:name="android.permission.WRITE_EXTERNAL_STORAGE" />
49-->src\main\AndroidManifest.xml:27:5-81
49-->src\main\AndroidManifest.xml:27:22-78
50    <!-- 外存储读权限，构建语法需要用到此权限 -->
51    <uses-permission android:name="android.permission.READ_EXTERNAL_STORAGE" />
51-->src\main\AndroidManifest.xml:52:5-79
51-->src\main\AndroidManifest.xml:52:22-77
52    <!-- 配置权限，用来记录应用配置信息 -->
53    <uses-permission android:name="android.permission.WRITE_SETTINGS" />
53-->src\main\AndroidManifest.xml:54:5-55:47
53-->src\main\AndroidManifest.xml:54:22-70
54    <!-- 手机定位信息，用来为语义等功能提供定位，提供更精准的服务 -->
55    <!-- 定位信息是敏感信息，可通过Setting.setLocationEnable(false)关闭定位请求 -->
56    <uses-permission android:name="android.permission.ACCESS_FINE_LOCATION" />
56-->src\main\AndroidManifest.xml:58:5-78
56-->src\main\AndroidManifest.xml:58:22-76
57
58    <application
58-->src\main\AndroidManifest.xml:64:5-178:19
59        android:appComponentFactory="androidx.core.app.CoreComponentFactory"
59-->[androidx.core:core:1.6.0] AndroidManifest.xml:24:18-86
60        android:debuggable="true"
61        android:extractNativeLibs="true"
62        android:icon="@drawable/icon_app"
62-->src\main\AndroidManifest.xml:65:9-42
63        android:label="@string/app_name" >
63-->src\main\AndroidManifest.xml:66:9-41
64        <activity
64-->src\main\AndroidManifest.xml:67:9-80:20
65            android:name="net.micode.notes.ui.NotesListActivity"
65-->src\main\AndroidManifest.xml:68:13-49
66            android:configChanges="keyboardHidden|orientation|screenSize"
66-->src\main\AndroidManifest.xml:69:13-74
67            android:label="@string/app_name"
67-->src\main\AndroidManifest.xml:70:13-45
68            android:launchMode="singleTop"
68-->src\main\AndroidManifest.xml:71:13-43
69            android:theme="@style/NoteTheme"
69-->src\main\AndroidManifest.xml:72:13-45
70            android:uiOptions="splitActionBarWhenNarrow"
70-->src\main\AndroidManifest.xml:73:13-57
71            android:windowSoftInputMode="adjustPan" >
71-->src\main\AndroidManifest.xml:74:13-52
72            <intent-filter>
72-->src\main\AndroidManifest.xml:76:13-79:29
73                <action android:name="android.intent.action.MAIN" />
73-->src\main\AndroidManifest.xml:77:17-69
73-->src\main\AndroidManifest.xml:77:25-66
74
75                <category android:name="android.intent.category.LAUNCHER" />
75-->src\main\AndroidManifest.xml:78:17-77
75-->src\main\AndroidManifest.xml:78:27-74
76            </intent-filter>
77        </activity>
78        <activity
78-->src\main\AndroidManifest.xml:82:9-110:20
79            android:name="net.micode.notes.ui.NoteEditActivity"
79-->src\main\AndroidManifest.xml:83:13-48
80            android:configChanges="keyboardHidden|orientation|screenSize"
80-->src\main\AndroidManifest.xml:84:13-74
81            android:launchMode="singleTop"
81-->src\main\AndroidManifest.xml:85:13-43
82            android:theme="@style/NoteTheme" >
82-->src\main\AndroidManifest.xml:86:13-45
83            <intent-filter>
83-->src\main\AndroidManifest.xml:88:13-93:29
84                <action android:name="android.intent.action.VIEW" />
84-->src\main\AndroidManifest.xml:89:17-69
84-->src\main\AndroidManifest.xml:89:25-66
85
86                <category android:name="android.intent.category.DEFAULT" />
86-->src\main\AndroidManifest.xml:90:17-76
86-->src\main\AndroidManifest.xml:90:27-73
87
88                <data android:mimeType="vnd.android.cursor.item/text_note" />
88-->src\main\AndroidManifest.xml:91:17-78
88-->src\main\AndroidManifest.xml:91:23-75
89                <data android:mimeType="vnd.android.cursor.item/call_note" />
89-->src\main\AndroidManifest.xml:91:17-78
89-->src\main\AndroidManifest.xml:91:23-75
90            </intent-filter>
91            <intent-filter>
91-->src\main\AndroidManifest.xml:95:13-100:29
92                <action android:name="android.intent.action.INSERT_OR_EDIT" />
92-->src\main\AndroidManifest.xml:96:17-79
92-->src\main\AndroidManifest.xml:96:25-76
93
94                <category android:name="android.intent.category.DEFAULT" />
94-->src\main\AndroidManifest.xml:90:17-76
94-->src\main\AndroidManifest.xml:90:27-73
95
96                <data android:mimeType="vnd.android.cursor.item/text_note" />
96-->src\main\AndroidManifest.xml:91:17-78
96-->src\main\AndroidManifest.xml:91:23-75
97                <data android:mimeType="vnd.android.cursor.item/call_note" />
97-->src\main\AndroidManifest.xml:91:17-78
97-->src\main\AndroidManifest.xml:91:23-75
98            </intent-filter>
99            <intent-filter>
99-->src\main\AndroidManifest.xml:102:13-105:29
100                <action android:name="android.intent.action.SEARCH" />
100-->src\main\AndroidManifest.xml:103:17-71
100-->src\main\AndroidManifest.xml:103:25-68
101
102                <category android:name="android.intent.category.DEFAULT" />
102-->src\main\AndroidManifest.xml:90:17-76
102-->src\main\AndroidManifest.xml:90:27-73
103            </intent-filter>
104
105            <meta-data
105-->src\main\AndroidManifest.xml:107:13-109:54
106                android:name="android.app.searchable"
106-->src\main\AndroidManifest.xml:108:17-54
107                android:resource="@xml/searchable" />
107-->src\main\AndroidManifest.xml:109:17-51
108        </activity>
109
110        <provider
110-->src\main\AndroidManifest.xml:112:9-115:43
111            android:name="net.micode.notes.data.NotesProvider"
111-->src\main\AndroidManifest.xml:113:13-63
112            android:authorities="micode_notes"
112-->src\main\AndroidManifest.xml:114:13-47
113            android:multiprocess="true" />
113-->src\main\AndroidManifest.xml:115:13-40
114
115        <receiver
115-->src\main\AndroidManifest.xml:117:9-129:20
116            android:name="net.micode.notes.widget.NoteWidgetProvider_2x"
116-->src\main\AndroidManifest.xml:118:13-57
117            android:label="@string/app_widget2x2" >
117-->src\main\AndroidManifest.xml:119:13-50
118            <intent-filter>
118-->src\main\AndroidManifest.xml:120:13-124:29
119                <action android:name="android.appwidget.action.APPWIDGET_UPDATE" />
119-->src\main\AndroidManifest.xml:121:17-84
119-->src\main\AndroidManifest.xml:121:25-81
120                <action android:name="android.appwidget.action.APPWIDGET_DELETED" />
120-->src\main\AndroidManifest.xml:122:17-85
120-->src\main\AndroidManifest.xml:122:25-82
121                <action android:name="android.intent.action.PRIVACY_MODE_CHANGED" />
121-->src\main\AndroidManifest.xml:123:17-85
121-->src\main\AndroidManifest.xml:123:25-82
122            </intent-filter>
123
124            <meta-data
124-->src\main\AndroidManifest.xml:126:13-128:58
125                android:name="android.appwidget.provider"
125-->src\main\AndroidManifest.xml:127:17-58
126                android:resource="@xml/widget_2x_info" />
126-->src\main\AndroidManifest.xml:128:17-55
127        </receiver>
128        <receiver
128-->src\main\AndroidManifest.xml:130:9-143:20
129            android:name="net.micode.notes.widget.NoteWidgetProvider_4x"
129-->src\main\AndroidManifest.xml:131:13-57
130            android:label="@string/app_widget4x4" >
130-->src\main\AndroidManifest.xml:132:13-50
131            <intent-filter>
131-->src\main\AndroidManifest.xml:120:13-124:29
132                <action android:name="android.appwidget.action.APPWIDGET_UPDATE" />
132-->src\main\AndroidManifest.xml:121:17-84
132-->src\main\AndroidManifest.xml:121:25-81
133                <action android:name="android.appwidget.action.APPWIDGET_DELETED" />
133-->src\main\AndroidManifest.xml:122:17-85
133-->src\main\AndroidManifest.xml:122:25-82
134                <action android:name="android.intent.action.PRIVACY_MODE_CHANGED" />
134-->src\main\AndroidManifest.xml:123:17-85
134-->src\main\AndroidManifest.xml:123:25-82
135            </intent-filter>
136
137            <meta-data
137-->src\main\AndroidManifest.xml:126:13-128:58
138                android:name="android.appwidget.provider"
138-->src\main\AndroidManifest.xml:127:17-58
139                android:resource="@xml/widget_4x_info" />
139-->src\main\AndroidManifest.xml:128:17-55
140        </receiver>
141        <receiver android:name="net.micode.notes.ui.AlarmInitReceiver" >
141-->src\main\AndroidManifest.xml:145:9-149:20
141-->src\main\AndroidManifest.xml:145:19-55
142            <intent-filter>
142-->src\main\AndroidManifest.xml:146:13-148:29
143                <action android:name="android.intent.action.BOOT_COMPLETED" />
143-->src\main\AndroidManifest.xml:147:17-79
143-->src\main\AndroidManifest.xml:147:25-76
144            </intent-filter>
145        </receiver>
146        <receiver
146-->src\main\AndroidManifest.xml:151:9-154:20
147            android:name="net.micode.notes.ui.AlarmReceiver"
147-->src\main\AndroidManifest.xml:152:13-61
148            android:process=":remote" >
148-->src\main\AndroidManifest.xml:153:13-38
149        </receiver>
150
151        <activity
151-->src\main\AndroidManifest.xml:156:9-161:20
152            android:name="net.micode.notes.ui.AlarmAlertActivity"
152-->src\main\AndroidManifest.xml:157:13-50
153            android:label="@string/app_name"
153-->src\main\AndroidManifest.xml:158:13-45
154            android:launchMode="singleInstance"
154-->src\main\AndroidManifest.xml:159:13-48
155            android:theme="@android:style/Theme.Holo.Wallpaper.NoTitleBar" >
155-->src\main\AndroidManifest.xml:160:13-75
156        </activity>
157        <activity
157-->src\main\AndroidManifest.xml:163:9-168:20
158            android:name="net.micode.notes.ui.NotesPreferenceActivity"
158-->src\main\AndroidManifest.xml:164:13-71
159            android:label="@string/preferences_title"
159-->src\main\AndroidManifest.xml:165:13-54
160            android:launchMode="singleTop"
160-->src\main\AndroidManifest.xml:166:13-43
161            android:theme="@android:style/Theme.Holo.Light" >
161-->src\main\AndroidManifest.xml:167:13-60
162        </activity>
163
164        <service
164-->src\main\AndroidManifest.xml:170:9-173:19
165            android:name="net.micode.notes.gtask.remote.GTaskSyncService"
165-->src\main\AndroidManifest.xml:171:13-74
166            android:exported="false" >
166-->src\main\AndroidManifest.xml:172:13-37
167        </service>
168
169        <meta-data
169-->src\main\AndroidManifest.xml:175:9-177:52
170            android:name="android.app.default_searchable"
170-->src\main\AndroidManifest.xml:176:13-58
171            android:value=".ui.NoteEditActivity" />
171-->src\main\AndroidManifest.xml:177:13-49
172    </application>
173
174</manifest>